2024-11-20 20:50:41.760 [info] Extension host with pid 584 started
2024-11-20 20:50:41.808 [info] ExtensionService#_doActivateExtension vscode.emmet, startup: false, activationEvent: 'onLanguage'
2024-11-20 20:50:41.842 [info] Lock '/home/uwu/.vscode-server/data/User/workspaceStorage/355ff88c0943be308bc71a2d2f258ce5/vscode.lock': Lock acquired.
2024-11-20 20:50:42.028 [info] ExtensionService#_doActivateExtension vscode.git-base, startup: true, activationEvent: '*', root cause: vscode.git
2024-11-20 20:50:42.078 [info] ExtensionService#_doActivateExtension vscode.git, startup: true, activationEvent: '*'
2024-11-20 20:50:42.078 [info] ExtensionService#_doActivateExtension vscode.github, startup: true, activationEvent: '*'
2024-11-20 20:50:42.490 [info] Eager extensions activated
2024-11-20 20:50:42.491 [info] ExtensionService#_doActivateExtension vscode.debug-auto-launch, startup: false, activationEvent: 'onStartupFinished'
2024-11-20 20:50:42.491 [info] ExtensionService#_doActivateExtension vscode.merge-conflict, startup: false, activationEvent: 'onStartupFinished'
2024-11-20 21:06:00.708 [info] ExtensionService#_doActivateExtension vscode.npm, startup: false, activationEvent: 'onTerminalQuickFixRequest:ms-vscode.npm-command'
2024-11-20 21:06:05.297 [info] ExtensionService#_doActivateExtension vscode.configuration-editing, startup: false, activationEvent: 'onLanguage:json'
2024-11-20 21:06:05.298 [info] ExtensionService#_doActivateExtension vscode.extension-editing, startup: false, activationEvent: 'onLanguage:json'
2024-11-20 21:06:05.298 [info] ExtensionService#_doActivateExtension vscode.json-language-features, startup: false, activationEvent: 'onLanguage:json'
2024-11-20 21:06:35.132 [info] ExtensionService#_doActivateExtension vscode.debug-server-ready, startup: false, activationEvent: 'onDebugResolve'
2024-11-20 21:13:05.169 [info] ExtensionService#_doActivateExtension doinkythederp.nasm-language-support, startup: false, activationEvent: 'onLanguage:nasm'
2024-11-20 21:16:11.651 [info] ExtensionService#_doActivateExtension prb28.amiga-assembly, startup: false, activationEvent: 'onDebug'
2024-11-20 21:28:31.052 [info] ExtensionService#_doActivateExtension vscode.grunt, startup: false, activationEvent: 'onTaskType:grunt'
2024-11-20 21:28:31.053 [info] ExtensionService#_doActivateExtension vscode.gulp, startup: false, activationEvent: 'onTaskType:gulp'
2024-11-20 21:28:31.053 [info] ExtensionService#_doActivateExtension vscode.jake, startup: false, activationEvent: 'onTaskType:jake'
2024-11-20 21:28:31.054 [info] ExtensionService#_doActivateExtension vscode.typescript-language-features, startup: false, activationEvent: 'onTaskType:typescript'
2024-11-20 21:53:30.622 [info] Extension host terminating: received terminate message from renderer
2024-11-20 21:53:30.624 [info] Lock '/home/uwu/.vscode-server/data/User/workspaceStorage/355ff88c0943be308bc71a2d2f258ce5/vscode.lock': Marking the lockfile as scheduled to be released in 6000 ms.
2024-11-20 21:53:31.460 [info] Extension host with pid 584 exiting with code 0
