2024-11-27 10:42:41.700 [info] [main] Log level: Info
2024-11-27 10:42:41.700 [info] [main] Validating found git in: "git"
2024-11-27 10:42:41.700 [info] [main] Using git "2.43.0" from "git"
2024-11-27 10:42:41.700 [info] [Model][doInitialScan] Initial repository scan started
2024-11-27 10:42:41.700 [info] > git rev-parse --show-toplevel [7ms]
2024-11-27 10:42:41.700 [info] fatal: not a git repository (or any parent up to mount point /mnt)
Stopping at filesystem boundary (GIT_DISCOVERY_ACROSS_FILESYSTEM not set).
2024-11-27 10:42:41.764 [info] > git rev-parse --show-toplevel [4ms]
2024-11-27 10:42:41.764 [info] fatal: not a git repository (or any parent up to mount point /mnt)
Stopping at filesystem boundary (GIT_DISCOVERY_ACROSS_FILESYSTEM not set).
2024-11-27 10:42:41.770 [info] > git rev-parse --show-toplevel [3ms]
2024-11-27 10:42:41.770 [info] fatal: not a git repository (or any parent up to mount point /mnt)
Stopping at filesystem boundary (GIT_DISCOVERY_ACROSS_FILESYSTEM not set).
2024-11-27 10:42:41.776 [info] > git rev-parse --show-toplevel [2ms]
2024-11-27 10:42:41.776 [info] fatal: not a git repository (or any parent up to mount point /mnt)
Stopping at filesystem boundary (GIT_DISCOVERY_ACROSS_FILESYSTEM not set).
2024-11-27 10:42:41.781 [info] > git rev-parse --show-toplevel [3ms]
2024-11-27 10:42:41.781 [info] fatal: not a git repository (or any parent up to mount point /mnt)
Stopping at filesystem boundary (GIT_DISCOVERY_ACROSS_FILESYSTEM not set).
2024-11-27 10:42:41.785 [info] > git rev-parse --show-toplevel [3ms]
2024-11-27 10:42:41.785 [info] fatal: not a git repository (or any parent up to mount point /mnt)
Stopping at filesystem boundary (GIT_DISCOVERY_ACROSS_FILESYSTEM not set).
2024-11-27 10:42:41.791 [info] > git rev-parse --show-toplevel [3ms]
2024-11-27 10:42:41.791 [info] fatal: not a git repository (or any parent up to mount point /mnt)
Stopping at filesystem boundary (GIT_DISCOVERY_ACROSS_FILESYSTEM not set).
2024-11-27 10:42:41.796 [info] > git rev-parse --show-toplevel [3ms]
2024-11-27 10:42:41.796 [info] fatal: not a git repository (or any parent up to mount point /mnt)
Stopping at filesystem boundary (GIT_DISCOVERY_ACROSS_FILESYSTEM not set).
2024-11-27 10:42:41.804 [info] > git rev-parse --show-toplevel [4ms]
2024-11-27 10:42:41.804 [info] fatal: not a git repository (or any parent up to mount point /mnt)
Stopping at filesystem boundary (GIT_DISCOVERY_ACROSS_FILESYSTEM not set).
2024-11-27 10:42:41.811 [info] > git rev-parse --show-toplevel [4ms]
2024-11-27 10:42:41.811 [info] fatal: not a git repository (or any parent up to mount point /mnt)
Stopping at filesystem boundary (GIT_DISCOVERY_ACROSS_FILESYSTEM not set).
2024-11-27 10:42:41.820 [info] > git rev-parse --show-toplevel [6ms]
2024-11-27 10:42:41.820 [info] fatal: not a git repository (or any parent up to mount point /mnt)
Stopping at filesystem boundary (GIT_DISCOVERY_ACROSS_FILESYSTEM not set).
2024-11-27 10:42:41.828 [info] > git rev-parse --show-toplevel [5ms]
2024-11-27 10:42:41.828 [info] fatal: not a git repository (or any parent up to mount point /mnt)
Stopping at filesystem boundary (GIT_DISCOVERY_ACROSS_FILESYSTEM not set).
2024-11-27 10:42:41.834 [info] > git rev-parse --show-toplevel [4ms]
2024-11-27 10:42:41.834 [info] fatal: not a git repository (or any parent up to mount point /mnt)
Stopping at filesystem boundary (GIT_DISCOVERY_ACROSS_FILESYSTEM not set).
2024-11-27 10:42:41.841 [info] > git rev-parse --show-toplevel [4ms]
2024-11-27 10:42:41.841 [info] fatal: not a git repository (or any parent up to mount point /mnt)
Stopping at filesystem boundary (GIT_DISCOVERY_ACROSS_FILESYSTEM not set).
2024-11-27 10:42:41.845 [info] > git rev-parse --show-toplevel [2ms]
2024-11-27 10:42:41.845 [info] fatal: not a git repository (or any parent up to mount point /mnt)
Stopping at filesystem boundary (GIT_DISCOVERY_ACROSS_FILESYSTEM not set).
2024-11-27 10:42:41.850 [info] > git rev-parse --show-toplevel [2ms]
2024-11-27 10:42:41.850 [info] fatal: not a git repository (or any parent up to mount point /mnt)
Stopping at filesystem boundary (GIT_DISCOVERY_ACROSS_FILESYSTEM not set).
2024-11-27 10:42:41.855 [info] > git rev-parse --show-toplevel [3ms]
2024-11-27 10:42:41.855 [info] fatal: not a git repository (or any parent up to mount point /mnt)
Stopping at filesystem boundary (GIT_DISCOVERY_ACROSS_FILESYSTEM not set).
2024-11-27 10:42:41.860 [info] > git rev-parse --show-toplevel [2ms]
2024-11-27 10:42:41.860 [info] fatal: not a git repository (or any parent up to mount point /mnt)
Stopping at filesystem boundary (GIT_DISCOVERY_ACROSS_FILESYSTEM not set).
2024-11-27 10:42:41.864 [info] > git rev-parse --show-toplevel [2ms]
2024-11-27 10:42:41.864 [info] fatal: not a git repository (or any parent up to mount point /mnt)
Stopping at filesystem boundary (GIT_DISCOVERY_ACROSS_FILESYSTEM not set).
2024-11-27 10:42:41.869 [info] > git rev-parse --show-toplevel [2ms]
2024-11-27 10:42:41.869 [info] fatal: not a git repository (or any parent up to mount point /mnt)
Stopping at filesystem boundary (GIT_DISCOVERY_ACROSS_FILESYSTEM not set).
2024-11-27 10:42:41.873 [info] > git rev-parse --show-toplevel [2ms]
2024-11-27 10:42:41.873 [info] fatal: not a git repository (or any parent up to mount point /mnt)
Stopping at filesystem boundary (GIT_DISCOVERY_ACROSS_FILESYSTEM not set).
2024-11-27 10:42:41.878 [info] > git rev-parse --show-toplevel [3ms]
2024-11-27 10:42:41.878 [info] fatal: not a git repository (or any parent up to mount point /mnt)
Stopping at filesystem boundary (GIT_DISCOVERY_ACROSS_FILESYSTEM not set).
2024-11-27 10:42:41.883 [info] > git rev-parse --show-toplevel [3ms]
2024-11-27 10:42:41.883 [info] fatal: not a git repository (or any parent up to mount point /mnt)
Stopping at filesystem boundary (GIT_DISCOVERY_ACROSS_FILESYSTEM not set).
2024-11-27 10:42:41.887 [info] > git rev-parse --show-toplevel [2ms]
2024-11-27 10:42:41.887 [info] fatal: not a git repository (or any parent up to mount point /mnt)
Stopping at filesystem boundary (GIT_DISCOVERY_ACROSS_FILESYSTEM not set).
2024-11-27 10:42:41.891 [info] > git rev-parse --show-toplevel [2ms]
2024-11-27 10:42:41.892 [info] fatal: not a git repository (or any parent up to mount point /mnt)
Stopping at filesystem boundary (GIT_DISCOVERY_ACROSS_FILESYSTEM not set).
2024-11-27 10:42:41.896 [info] > git rev-parse --show-toplevel [3ms]
2024-11-27 10:42:41.896 [info] fatal: not a git repository (or any parent up to mount point /mnt)
Stopping at filesystem boundary (GIT_DISCOVERY_ACROSS_FILESYSTEM not set).
2024-11-27 10:42:41.900 [info] > git rev-parse --show-toplevel [2ms]
2024-11-27 10:42:41.900 [info] fatal: not a git repository (or any parent up to mount point /mnt)
Stopping at filesystem boundary (GIT_DISCOVERY_ACROSS_FILESYSTEM not set).
2024-11-27 10:42:41.905 [info] > git rev-parse --show-toplevel [3ms]
2024-11-27 10:42:41.905 [info] fatal: not a git repository (or any parent up to mount point /mnt)
Stopping at filesystem boundary (GIT_DISCOVERY_ACROSS_FILESYSTEM not set).
2024-11-27 10:42:41.909 [info] > git rev-parse --show-toplevel [3ms]
2024-11-27 10:42:41.909 [info] fatal: not a git repository (or any parent up to mount point /mnt)
Stopping at filesystem boundary (GIT_DISCOVERY_ACROSS_FILESYSTEM not set).
2024-11-27 10:42:41.913 [info] > git rev-parse --show-toplevel [2ms]
2024-11-27 10:42:41.914 [info] fatal: not a git repository (or any parent up to mount point /mnt)
Stopping at filesystem boundary (GIT_DISCOVERY_ACROSS_FILESYSTEM not set).
2024-11-27 10:42:41.918 [info] > git rev-parse --show-toplevel [2ms]
2024-11-27 10:42:41.918 [info] fatal: not a git repository (or any parent up to mount point /mnt)
Stopping at filesystem boundary (GIT_DISCOVERY_ACROSS_FILESYSTEM not set).
2024-11-27 10:42:41.926 [info] > git rev-parse --show-toplevel [3ms]
2024-11-27 10:42:41.926 [info] fatal: not a git repository (or any parent up to mount point /mnt)
Stopping at filesystem boundary (GIT_DISCOVERY_ACROSS_FILESYSTEM not set).
2024-11-27 10:42:41.930 [info] > git rev-parse --show-toplevel [2ms]
2024-11-27 10:42:41.930 [info] fatal: not a git repository (or any parent up to mount point /mnt)
Stopping at filesystem boundary (GIT_DISCOVERY_ACROSS_FILESYSTEM not set).
2024-11-27 10:42:41.933 [info] [Model][doInitialScan] Initial repository scan completed - repositories (0), closed repositories (0), parent repositories (0), unsafe repositories (0)
