2024-11-25 16:17:40.551 [info] Extension host with pid 775 started
2024-11-25 16:17:40.573 [info] Lock '/home/uwu/.vscode-server/data/User/workspaceStorage/355ff88c0943be308bc71a2d2f258ce5/vscode.lock': Lock acquired.
2024-11-25 16:17:40.602 [info] ExtensionService#_doActivateExtension vscode.emmet, startup: false, activationEvent: 'onLanguage'
2024-11-25 16:17:40.603 [info] ExtensionService#_doActivateExtension doinkythederp.nasm-language-support, startup: false, activationEvent: 'onLanguage:nasm'
2024-11-25 16:17:40.802 [info] ExtensionService#_doActivateExtension vscode.git-base, startup: true, activationEvent: '*', root cause: vscode.git
2024-11-25 16:17:40.874 [info] ExtensionService#_doActivateExtension vscode.git, startup: true, activationEvent: '*'
2024-11-25 16:17:40.874 [info] ExtensionService#_doActivateExtension vscode.github, startup: true, activationEvent: '*'
2024-11-25 16:17:41.090 [info] Eager extensions activated
2024-11-25 16:17:41.091 [info] ExtensionService#_doActivateExtension vscode.debug-auto-launch, startup: false, activationEvent: 'onStartupFinished'
2024-11-25 16:17:41.091 [info] ExtensionService#_doActivateExtension vscode.merge-conflict, startup: false, activationEvent: 'onStartupFinished'
2024-11-25 16:19:56.326 [warning] [Decorations] CAPPING events from decorations provider vscode.git 1421
2024-11-25 16:19:56.375 [warning] [Decorations] CAPPING events from decorations provider vscode.git 1421
2024-11-25 16:19:57.725 [warning] [Decorations] CAPPING events from decorations provider vscode.git 1421
2024-11-25 16:20:02.749 [warning] [Decorations] CAPPING events from decorations provider vscode.git 1421
2024-11-25 16:20:07.777 [warning] [Decorations] CAPPING events from decorations provider vscode.git 1421
2024-11-25 16:20:12.805 [warning] [Decorations] CAPPING events from decorations provider vscode.git 1421
2024-11-25 16:20:36.195 [warning] [Decorations] CAPPING events from decorations provider vscode.git 1421
2024-11-25 16:20:41.225 [warning] [Decorations] CAPPING events from decorations provider vscode.git 1421
2024-11-25 16:21:37.834 [warning] [Decorations] CAPPING events from decorations provider vscode.git 1421
2024-11-25 16:21:42.863 [warning] [Decorations] CAPPING events from decorations provider vscode.git 1421
2024-11-25 16:21:47.894 [warning] [Decorations] CAPPING events from decorations provider vscode.git 1421
2024-11-25 16:21:52.928 [warning] [Decorations] CAPPING events from decorations provider vscode.git 1421
2024-11-25 16:21:57.216 [info] ExtensionService#_doActivateExtension vscode.npm, startup: false, activationEvent: 'onTerminalQuickFixRequest:ms-vscode.npm-command'
2024-11-25 16:21:57.956 [warning] [Decorations] CAPPING events from decorations provider vscode.git 1421
2024-11-25 16:22:02.424 [info] ExtensionService#_doActivateExtension vscode.configuration-editing, startup: false, activationEvent: 'onLanguage:json'
2024-11-25 16:22:02.424 [info] ExtensionService#_doActivateExtension vscode.extension-editing, startup: false, activationEvent: 'onLanguage:json'
2024-11-25 16:22:02.424 [info] ExtensionService#_doActivateExtension vscode.json-language-features, startup: false, activationEvent: 'onLanguage:json'
2024-11-25 16:22:05.765 [warning] [Decorations] CAPPING events from decorations provider vscode.git 1422
2024-11-25 16:22:10.791 [warning] [Decorations] CAPPING events from decorations provider vscode.git 1422
2024-11-25 16:22:15.815 [warning] [Decorations] CAPPING events from decorations provider vscode.git 1422
2024-11-25 16:22:20.842 [warning] [Decorations] CAPPING events from decorations provider vscode.git 1422
2024-11-25 16:22:25.872 [warning] [Decorations] CAPPING events from decorations provider vscode.git 1422
2024-11-25 16:22:31.790 [warning] [Decorations] CAPPING events from decorations provider vscode.git 1422
2024-11-25 16:22:36.818 [warning] [Decorations] CAPPING events from decorations provider vscode.git 1422
2024-11-25 16:24:01.234 [warning] [Decorations] CAPPING events from decorations provider vscode.git 1422
2024-11-25 16:24:06.274 [warning] [Decorations] CAPPING events from decorations provider vscode.git 1422
2024-11-25 16:24:11.304 [warning] [Decorations] CAPPING events from decorations provider vscode.git 1422
2024-11-25 16:24:16.817 [warning] [Decorations] CAPPING events from decorations provider vscode.git 1422
2024-11-25 16:24:21.845 [warning] [Decorations] CAPPING events from decorations provider vscode.git 1422
2024-11-25 16:24:26.874 [warning] [Decorations] CAPPING events from decorations provider vscode.git 1422
2024-11-25 16:24:32.826 [warning] [Decorations] CAPPING events from decorations provider vscode.git 1422
2024-11-25 16:24:37.855 [warning] [Decorations] CAPPING events from decorations provider vscode.git 1422
2024-11-25 16:24:42.885 [warning] [Decorations] CAPPING events from decorations provider vscode.git 1422
2024-11-25 16:24:47.921 [warning] [Decorations] CAPPING events from decorations provider vscode.git 1422
2024-11-25 16:24:52.948 [warning] [Decorations] CAPPING events from decorations provider vscode.git 1422
2024-11-25 16:25:03.183 [warning] [Decorations] CAPPING events from decorations provider vscode.git 1422
2024-11-25 16:25:12.597 [warning] [Decorations] CAPPING events from decorations provider vscode.git 1422
2024-11-25 16:25:17.628 [warning] [Decorations] CAPPING events from decorations provider vscode.git 1422
2024-11-25 16:25:49.456 [warning] [Decorations] CAPPING events from decorations provider vscode.git 1422
2024-11-25 16:25:54.487 [warning] [Decorations] CAPPING events from decorations provider vscode.git 1422
2024-11-25 16:26:18.378 [warning] [Decorations] CAPPING events from decorations provider vscode.git 1422
2024-11-25 16:26:24.320 [warning] [Decorations] CAPPING events from decorations provider vscode.git 1422
2024-11-25 16:26:29.350 [warning] [Decorations] CAPPING events from decorations provider vscode.git 1422
2024-11-25 16:26:34.381 [warning] [Decorations] CAPPING events from decorations provider vscode.git 1422
2024-11-25 16:26:39.412 [warning] [Decorations] CAPPING events from decorations provider vscode.git 1422
2024-11-25 16:26:44.440 [warning] [Decorations] CAPPING events from decorations provider vscode.git 1422
2024-11-25 16:26:49.468 [warning] [Decorations] CAPPING events from decorations provider vscode.git 1422
2024-11-25 16:26:57.109 [warning] [Decorations] CAPPING events from decorations provider vscode.git 1422
2024-11-25 16:27:02.136 [warning] [Decorations] CAPPING events from decorations provider vscode.git 1422
2024-11-25 16:27:07.164 [warning] [Decorations] CAPPING events from decorations provider vscode.git 1422
2024-11-25 16:27:12.198 [warning] [Decorations] CAPPING events from decorations provider vscode.git 1422
2024-11-25 16:27:16.439 [warning] [Decorations] CAPPING events from decorations provider vscode.git 1422
2024-11-25 16:27:17.225 [warning] [Decorations] CAPPING events from decorations provider vscode.git 1422
2024-11-25 16:27:22.260 [warning] [Decorations] CAPPING events from decorations provider vscode.git 1422
2024-11-25 16:27:32.481 [warning] [Decorations] CAPPING events from decorations provider vscode.git 1422
2024-11-25 16:27:37.511 [warning] [Decorations] CAPPING events from decorations provider vscode.git 1422
2024-11-25 16:27:42.537 [warning] [Decorations] CAPPING events from decorations provider vscode.git 1422
2024-11-25 16:27:47.569 [warning] [Decorations] CAPPING events from decorations provider vscode.git 1422
2024-11-25 16:27:53.005 [warning] [Decorations] CAPPING events from decorations provider vscode.git 1422
2024-11-25 16:27:58.041 [warning] [Decorations] CAPPING events from decorations provider vscode.git 1422
2024-11-25 16:28:03.070 [warning] [Decorations] CAPPING events from decorations provider vscode.git 1422
2024-11-25 16:28:23.108 [warning] [Decorations] CAPPING events from decorations provider vscode.git 1422
2024-11-25 16:28:28.382 [warning] [Decorations] CAPPING events from decorations provider vscode.git 1422
2024-11-25 16:28:32.829 [warning] [Decorations] CAPPING events from decorations provider vscode.git 1422
2024-11-25 16:28:52.085 [warning] [Decorations] CAPPING events from decorations provider vscode.git 1422
2024-11-25 16:28:59.416 [warning] [Decorations] CAPPING events from decorations provider vscode.git 1422
2024-11-25 16:29:04.445 [warning] [Decorations] CAPPING events from decorations provider vscode.git 1422
2024-11-25 16:29:09.759 [warning] [Decorations] CAPPING events from decorations provider vscode.git 1422
2024-11-25 16:29:14.787 [warning] [Decorations] CAPPING events from decorations provider vscode.git 1422
2024-11-25 16:29:19.818 [warning] [Decorations] CAPPING events from decorations provider vscode.git 1422
2024-11-25 16:29:32.206 [warning] [Decorations] CAPPING events from decorations provider vscode.git 1422
2024-11-25 16:29:37.234 [warning] [Decorations] CAPPING events from decorations provider vscode.git 1422
2024-11-25 16:29:42.265 [warning] [Decorations] CAPPING events from decorations provider vscode.git 1422
2024-11-25 16:30:08.733 [warning] [Decorations] CAPPING events from decorations provider vscode.git 1422
2024-11-25 16:30:25.234 [warning] [Decorations] CAPPING events from decorations provider vscode.git 1422
2024-11-25 16:30:28.304 [warning] [Decorations] CAPPING events from decorations provider vscode.git 1423
2024-11-25 16:30:30.265 [warning] [Decorations] CAPPING events from decorations provider vscode.git 1423
2024-11-25 16:31:10.462 [warning] [Decorations] CAPPING events from decorations provider vscode.git 1423
2024-11-25 16:31:15.493 [warning] [Decorations] CAPPING events from decorations provider vscode.git 1423
2024-11-25 16:31:20.522 [warning] [Decorations] CAPPING events from decorations provider vscode.git 1423
2024-11-25 16:31:25.553 [warning] [Decorations] CAPPING events from decorations provider vscode.git 1423
2024-11-25 16:32:02.571 [warning] [Decorations] CAPPING events from decorations provider vscode.git 1423
2024-11-25 16:32:07.614 [warning] [Decorations] CAPPING events from decorations provider vscode.git 1423
2024-11-25 16:32:14.227 [warning] [Decorations] CAPPING events from decorations provider vscode.git 1423
2024-11-25 16:32:17.746 [warning] [Decorations] CAPPING events from decorations provider vscode.git 1423
2024-11-25 16:32:44.463 [warning] [Decorations] CAPPING events from decorations provider vscode.git 1423
2024-11-25 16:32:49.496 [warning] [Decorations] CAPPING events from decorations provider vscode.git 1423
2024-11-25 16:32:54.523 [warning] [Decorations] CAPPING events from decorations provider vscode.git 1423
2024-11-25 16:32:59.559 [warning] [Decorations] CAPPING events from decorations provider vscode.git 1423
2024-11-25 16:33:02.201 [warning] [Decorations] CAPPING events from decorations provider vscode.git 1423
2024-11-25 16:33:04.588 [warning] [Decorations] CAPPING events from decorations provider vscode.git 1423
2024-11-25 16:33:09.616 [warning] [Decorations] CAPPING events from decorations provider vscode.git 1423
2024-11-25 16:33:14.644 [warning] [Decorations] CAPPING events from decorations provider vscode.git 1423
2024-11-25 16:33:19.674 [warning] [Decorations] CAPPING events from decorations provider vscode.git 1423
2024-11-25 16:34:02.136 [warning] [Decorations] CAPPING events from decorations provider vscode.git 1423
2024-11-25 16:34:07.175 [warning] [Decorations] CAPPING events from decorations provider vscode.git 1423
2024-11-25 16:34:12.204 [warning] [Decorations] CAPPING events from decorations provider vscode.git 1423
2024-11-25 16:34:20.678 [warning] [Decorations] CAPPING events from decorations provider vscode.git 1423
2024-11-25 16:34:25.709 [warning] [Decorations] CAPPING events from decorations provider vscode.git 1423
2024-11-25 16:34:30.736 [warning] [Decorations] CAPPING events from decorations provider vscode.git 1423
2024-11-25 16:34:43.150 [warning] [Decorations] CAPPING events from decorations provider vscode.git 1423
2024-11-25 16:34:48.178 [warning] [Decorations] CAPPING events from decorations provider vscode.git 1423
2024-11-25 16:34:48.421 [warning] [Decorations] CAPPING events from decorations provider vscode.git 1423
2024-11-25 16:34:55.545 [warning] [Decorations] CAPPING events from decorations provider vscode.git 1423
2024-11-25 16:35:00.575 [warning] [Decorations] CAPPING events from decorations provider vscode.git 1423
2024-11-25 16:35:05.604 [warning] [Decorations] CAPPING events from decorations provider vscode.git 1423
2024-11-25 16:35:10.638 [warning] [Decorations] CAPPING events from decorations provider vscode.git 1423
2024-11-25 16:35:15.668 [warning] [Decorations] CAPPING events from decorations provider vscode.git 1423
2024-11-25 16:35:20.715 [warning] [Decorations] CAPPING events from decorations provider vscode.git 1423
2024-11-25 16:35:25.754 [warning] [Decorations] CAPPING events from decorations provider vscode.git 1423
2024-11-25 16:35:40.726 [warning] [Decorations] CAPPING events from decorations provider vscode.git 1423
2024-11-25 16:35:45.755 [warning] [Decorations] CAPPING events from decorations provider vscode.git 1423
2024-11-25 16:36:27.016 [warning] [Decorations] CAPPING events from decorations provider vscode.git 1423
2024-11-25 16:36:32.059 [warning] [Decorations] CAPPING events from decorations provider vscode.git 1423
2024-11-25 16:36:37.095 [warning] [Decorations] CAPPING events from decorations provider vscode.git 1423
2024-11-25 16:36:42.129 [warning] [Decorations] CAPPING events from decorations provider vscode.git 1423
2024-11-25 16:36:47.157 [warning] [Decorations] CAPPING events from decorations provider vscode.git 1423
2024-11-25 16:36:52.186 [warning] [Decorations] CAPPING events from decorations provider vscode.git 1423
2024-11-25 16:36:57.224 [warning] [Decorations] CAPPING events from decorations provider vscode.git 1423
2024-11-25 16:37:02.257 [warning] [Decorations] CAPPING events from decorations provider vscode.git 1423
2024-11-25 16:37:07.285 [warning] [Decorations] CAPPING events from decorations provider vscode.git 1423
2024-11-25 16:37:13.574 [warning] [Decorations] CAPPING events from decorations provider vscode.git 1423
2024-11-25 16:37:18.597 [warning] [Decorations] CAPPING events from decorations provider vscode.git 1423
2024-11-25 16:37:23.624 [warning] [Decorations] CAPPING events from decorations provider vscode.git 1423
2024-11-25 16:37:28.751 [warning] [Decorations] CAPPING events from decorations provider vscode.git 1423
2024-11-25 16:37:33.778 [warning] [Decorations] CAPPING events from decorations provider vscode.git 1423
2024-11-25 16:37:38.807 [warning] [Decorations] CAPPING events from decorations provider vscode.git 1423
2024-11-25 16:37:46.601 [warning] [Decorations] CAPPING events from decorations provider vscode.git 1423
2024-11-25 16:37:51.628 [warning] [Decorations] CAPPING events from decorations provider vscode.git 1423
2024-11-25 16:37:56.656 [warning] [Decorations] CAPPING events from decorations provider vscode.git 1423
2024-11-25 16:38:01.685 [warning] [Decorations] CAPPING events from decorations provider vscode.git 1423
2024-11-25 16:38:06.714 [warning] [Decorations] CAPPING events from decorations provider vscode.git 1423
2024-11-25 16:38:11.744 [warning] [Decorations] CAPPING events from decorations provider vscode.git 1423
2024-11-25 16:38:56.247 [warning] [Decorations] CAPPING events from decorations provider vscode.git 1423
2024-11-25 16:39:01.279 [warning] [Decorations] CAPPING events from decorations provider vscode.git 1423
2024-11-25 16:39:06.309 [warning] [Decorations] CAPPING events from decorations provider vscode.git 1423
2024-11-25 16:39:18.917 [warning] [Decorations] CAPPING events from decorations provider vscode.git 1423
2024-11-25 16:39:23.948 [warning] [Decorations] CAPPING events from decorations provider vscode.git 1423
2024-11-25 16:39:24.990 [warning] [Decorations] CAPPING events from decorations provider vscode.git 1423
2024-11-25 16:39:29.494 [warning] [Decorations] CAPPING events from decorations provider vscode.git 1423
2024-11-25 16:39:34.526 [warning] [Decorations] CAPPING events from decorations provider vscode.git 1423
2024-11-25 16:39:39.561 [warning] [Decorations] CAPPING events from decorations provider vscode.git 1423
2024-11-25 16:39:44.589 [warning] [Decorations] CAPPING events from decorations provider vscode.git 1423
2024-11-25 16:39:49.618 [warning] [Decorations] CAPPING events from decorations provider vscode.git 1423
2024-11-25 16:39:54.645 [warning] [Decorations] CAPPING events from decorations provider vscode.git 1423
2024-11-25 16:39:59.675 [warning] [Decorations] CAPPING events from decorations provider vscode.git 1423
2024-11-25 16:40:07.769 [warning] [Decorations] CAPPING events from decorations provider vscode.git 1423
2024-11-25 16:40:13.402 [warning] [Decorations] CAPPING events from decorations provider vscode.git 1423
2024-11-25 16:40:18.429 [warning] [Decorations] CAPPING events from decorations provider vscode.git 1423
2024-11-25 16:40:30.464 [warning] [Decorations] CAPPING events from decorations provider vscode.git 1423
2024-11-25 16:40:35.491 [warning] [Decorations] CAPPING events from decorations provider vscode.git 1423
2024-11-25 16:40:40.519 [warning] [Decorations] CAPPING events from decorations provider vscode.git 1423
2024-11-25 16:40:45.548 [warning] [Decorations] CAPPING events from decorations provider vscode.git 1423
2024-11-25 16:40:50.579 [warning] [Decorations] CAPPING events from decorations provider vscode.git 1423
2024-11-25 16:40:55.606 [warning] [Decorations] CAPPING events from decorations provider vscode.git 1423
2024-11-25 16:41:00.633 [warning] [Decorations] CAPPING events from decorations provider vscode.git 1423
2024-11-25 16:41:05.671 [warning] [Decorations] CAPPING events from decorations provider vscode.git 1423
2024-11-25 16:41:31.461 [warning] [Decorations] CAPPING events from decorations provider vscode.git 1423
2024-11-25 16:41:36.505 [warning] [Decorations] CAPPING events from decorations provider vscode.git 1423
2024-11-25 16:41:41.533 [warning] [Decorations] CAPPING events from decorations provider vscode.git 1423
2024-11-25 16:41:46.559 [warning] [Decorations] CAPPING events from decorations provider vscode.git 1423
2024-11-25 16:41:56.332 [warning] [Decorations] CAPPING events from decorations provider vscode.git 1424
2024-11-25 16:42:01.361 [warning] [Decorations] CAPPING events from decorations provider vscode.git 1424
2024-11-25 16:42:06.389 [warning] [Decorations] CAPPING events from decorations provider vscode.git 1424
2024-11-25 16:42:15.550 [warning] [Decorations] CAPPING events from decorations provider vscode.git 1424
2024-11-25 16:42:20.576 [warning] [Decorations] CAPPING events from decorations provider vscode.git 1424
2024-11-25 16:42:25.602 [warning] [Decorations] CAPPING events from decorations provider vscode.git 1424
2024-11-25 16:42:30.629 [warning] [Decorations] CAPPING events from decorations provider vscode.git 1424
2024-11-25 16:42:35.654 [warning] [Decorations] CAPPING events from decorations provider vscode.git 1424
2024-11-25 16:42:40.680 [warning] [Decorations] CAPPING events from decorations provider vscode.git 1424
2024-11-25 16:42:47.808 [warning] [Decorations] CAPPING events from decorations provider vscode.git 1424
2024-11-25 16:42:52.837 [warning] [Decorations] CAPPING events from decorations provider vscode.git 1424
2024-11-25 16:42:58.324 [warning] [Decorations] CAPPING events from decorations provider vscode.git 1424
2024-11-25 16:43:03.359 [warning] [Decorations] CAPPING events from decorations provider vscode.git 1424
2024-11-25 16:43:08.386 [warning] [Decorations] CAPPING events from decorations provider vscode.git 1424
2024-11-25 16:43:13.413 [warning] [Decorations] CAPPING events from decorations provider vscode.git 1424
2024-11-25 16:43:18.451 [warning] [Decorations] CAPPING events from decorations provider vscode.git 1424
2024-11-25 16:43:19.544 [warning] [Decorations] CAPPING events from decorations provider vscode.git 1424
2024-11-25 16:43:23.795 [warning] [Decorations] CAPPING events from decorations provider vscode.git 1424
2024-11-25 16:47:51.864 [info] Extension host terminating: received terminate message from renderer
2024-11-25 16:47:51.864 [info] Lock '/home/uwu/.vscode-server/data/User/workspaceStorage/355ff88c0943be308bc71a2d2f258ce5/vscode.lock': Marking the lockfile as scheduled to be released in 6000 ms.
2024-11-25 16:47:51.917 [error] Canceled: Canceled
	at new tT (file:///home/uwu/.vscode-server/bin/f1a4fb101478ce6ec82fe9627c43efbf9e98c813/out/vs/workbench/api/node/extensionHostProcess.js:31:151066)
	at py.U (file:///home/uwu/.vscode-server/bin/f1a4fb101478ce6ec82fe9627c43efbf9e98c813/out/vs/workbench/api/node/extensionHostProcess.js:31:155676)
	at s.<computed>.n.charCodeAt.s.<computed> (file:///home/uwu/.vscode-server/bin/f1a4fb101478ce6ec82fe9627c43efbf9e98c813/out/vs/workbench/api/node/extensionHostProcess.js:31:153170)
	at Y0.g (file:///home/uwu/.vscode-server/bin/f1a4fb101478ce6ec82fe9627c43efbf9e98c813/out/vs/workbench/api/node/extensionHostProcess.js:114:32313)
	at Y0.executeCommand (file:///home/uwu/.vscode-server/bin/f1a4fb101478ce6ec82fe9627c43efbf9e98c813/out/vs/workbench/api/node/extensionHostProcess.js:114:31817)
	at r.registerCommand.description (file:///home/uwu/.vscode-server/bin/f1a4fb101478ce6ec82fe9627c43efbf9e98c813/out/vs/workbench/api/node/extensionHostProcess.js:114:31147)
	at Y0.h (file:///home/uwu/.vscode-server/bin/f1a4fb101478ce6ec82fe9627c43efbf9e98c813/out/vs/workbench/api/node/extensionHostProcess.js:114:32833)
	at Y0.g (file:///home/uwu/.vscode-server/bin/f1a4fb101478ce6ec82fe9627c43efbf9e98c813/out/vs/workbench/api/node/extensionHostProcess.js:114:31910)
	at Y0.executeCommand (file:///home/uwu/.vscode-server/bin/f1a4fb101478ce6ec82fe9627c43efbf9e98c813/out/vs/workbench/api/node/extensionHostProcess.js:114:31817)
	at Object.executeCommand (file:///home/uwu/.vscode-server/bin/f1a4fb101478ce6ec82fe9627c43efbf9e98c813/out/vs/workbench/api/node/extensionHostProcess.js:156:37246)
	at mh.O [as value] (/home/uwu/.vscode-server/bin/f1a4fb101478ce6ec82fe9627c43efbf9e98c813/extensions/git/dist/main.js:2:961845)
	at P.B (file:///home/uwu/.vscode-server/bin/f1a4fb101478ce6ec82fe9627c43efbf9e98c813/out/vs/workbench/api/node/extensionHostProcess.js:29:746)
	at P.C (file:///home/uwu/.vscode-server/bin/f1a4fb101478ce6ec82fe9627c43efbf9e98c813/out/vs/workbench/api/node/extensionHostProcess.js:29:816)
	at P.fire (file:///home/uwu/.vscode-server/bin/f1a4fb101478ce6ec82fe9627c43efbf9e98c813/out/vs/workbench/api/node/extensionHostProcess.js:29:1033)
	at Object.p [as dispose] (/home/uwu/.vscode-server/bin/f1a4fb101478ce6ec82fe9627c43efbf9e98c813/extensions/git/dist/main.js:2:983333)
	at /home/uwu/.vscode-server/bin/f1a4fb101478ce6ec82fe9627c43efbf9e98c813/extensions/git/dist/main.js:2:989455
	at Array.forEach (<anonymous>)
	at b.dispose (/home/uwu/.vscode-server/bin/f1a4fb101478ce6ec82fe9627c43efbf9e98c813/extensions/git/dist/main.js:2:989441)
	at V1.<anonymous> (file:///home/uwu/.vscode-server/bin/f1a4fb101478ce6ec82fe9627c43efbf9e98c813/out/vs/workbench/api/node/extensionHostProcess.js:108:19994)
	at V1.dispose (file:///home/uwu/.vscode-server/bin/f1a4fb101478ce6ec82fe9627c43efbf9e98c813/out/vs/workbench/api/node/extensionHostProcess.js:108:20090)
	at V1.<anonymous> (/home/uwu/.vscode-server/bin/f1a4fb101478ce6ec82fe9627c43efbf9e98c813/extensions/git/dist/main.js:2:964255)
	at V1.dispose (file:///home/uwu/.vscode-server/bin/f1a4fb101478ce6ec82fe9627c43efbf9e98c813/out/vs/workbench/api/node/extensionHostProcess.js:108:20090)
	at ci (file:///home/uwu/.vscode-server/bin/f1a4fb101478ce6ec82fe9627c43efbf9e98c813/out/vs/workbench/api/node/extensionHostProcess.js:24:699)
	at file:///home/uwu/.vscode-server/bin/f1a4fb101478ce6ec82fe9627c43efbf9e98c813/out/vs/workbench/api/node/extensionHostProcess.js:118:14992
	at file:///home/uwu/.vscode-server/bin/f1a4fb101478ce6ec82fe9627c43efbf9e98c813/out/vs/workbench/api/node/extensionHostProcess.js:24:1009
	at Object.dispose (file:///home/uwu/.vscode-server/bin/f1a4fb101478ce6ec82fe9627c43efbf9e98c813/out/vs/workbench/api/node/extensionHostProcess.js:7:2146)
	at _z.eb (file:///home/uwu/.vscode-server/bin/f1a4fb101478ce6ec82fe9627c43efbf9e98c813/out/vs/workbench/api/node/extensionHostProcess.js:118:11919)
	at file:///home/uwu/.vscode-server/bin/f1a4fb101478ce6ec82fe9627c43efbf9e98c813/out/vs/workbench/api/node/extensionHostProcess.js:118:9874
	at Array.map (<anonymous>)
	at _z.$ (file:///home/uwu/.vscode-server/bin/f1a4fb101478ce6ec82fe9627c43efbf9e98c813/out/vs/workbench/api/node/extensionHostProcess.js:118:9862)
	at _z.terminate (file:///home/uwu/.vscode-server/bin/f1a4fb101478ce6ec82fe9627c43efbf9e98c813/out/vs/workbench/api/node/extensionHostProcess.js:118:10105)
	at xC.terminate (file:///home/uwu/.vscode-server/bin/f1a4fb101478ce6ec82fe9627c43efbf9e98c813/out/vs/workbench/api/node/extensionHostProcess.js:119:1424)
	at Zi (file:///home/uwu/.vscode-server/bin/f1a4fb101478ce6ec82fe9627c43efbf9e98c813/out/vs/workbench/api/node/extensionHostProcess.js:174:15084)
	at mh.value (file:///home/uwu/.vscode-server/bin/f1a4fb101478ce6ec82fe9627c43efbf9e98c813/out/vs/workbench/api/node/extensionHostProcess.js:174:13245)
	at P.B (file:///home/uwu/.vscode-server/bin/f1a4fb101478ce6ec82fe9627c43efbf9e98c813/out/vs/workbench/api/node/extensionHostProcess.js:29:746)
	at P.fire (file:///home/uwu/.vscode-server/bin/f1a4fb101478ce6ec82fe9627c43efbf9e98c813/out/vs/workbench/api/node/extensionHostProcess.js:29:964)
	at Vn.fire (file:///home/uwu/.vscode-server/bin/f1a4fb101478ce6ec82fe9627c43efbf9e98c813/out/vs/workbench/api/node/extensionHostProcess.js:31:9457)
	at Fm.A (file:///home/uwu/.vscode-server/bin/f1a4fb101478ce6ec82fe9627c43efbf9e98c813/out/vs/workbench/api/node/extensionHostProcess.js:31:12573)
	at mh.value (file:///home/uwu/.vscode-server/bin/f1a4fb101478ce6ec82fe9627c43efbf9e98c813/out/vs/workbench/api/node/extensionHostProcess.js:31:10993)
	at P.B (file:///home/uwu/.vscode-server/bin/f1a4fb101478ce6ec82fe9627c43efbf9e98c813/out/vs/workbench/api/node/extensionHostProcess.js:29:746)
	at P.fire (file:///home/uwu/.vscode-server/bin/f1a4fb101478ce6ec82fe9627c43efbf9e98c813/out/vs/workbench/api/node/extensionHostProcess.js:29:964)
	at j5.acceptChunk (file:///home/uwu/.vscode-server/bin/f1a4fb101478ce6ec82fe9627c43efbf9e98c813/out/vs/workbench/api/node/extensionHostProcess.js:31:7940)
	at mh.value (file:///home/uwu/.vscode-server/bin/f1a4fb101478ce6ec82fe9627c43efbf9e98c813/out/vs/workbench/api/node/extensionHostProcess.js:31:7226)
	at P.B (file:///home/uwu/.vscode-server/bin/f1a4fb101478ce6ec82fe9627c43efbf9e98c813/out/vs/workbench/api/node/extensionHostProcess.js:29:746)
	at P.fire (file:///home/uwu/.vscode-server/bin/f1a4fb101478ce6ec82fe9627c43efbf9e98c813/out/vs/workbench/api/node/extensionHostProcess.js:29:964)
	at V2.z (file:///home/uwu/.vscode-server/bin/f1a4fb101478ce6ec82fe9627c43efbf9e98c813/out/vs/workbench/api/node/extensionHostProcess.js:31:21944)
	at V2.acceptFrame (file:///home/uwu/.vscode-server/bin/f1a4fb101478ce6ec82fe9627c43efbf9e98c813/out/vs/workbench/api/node/extensionHostProcess.js:31:21750)
	at W2.n (file:///home/uwu/.vscode-server/bin/f1a4fb101478ce6ec82fe9627c43efbf9e98c813/out/vs/workbench/api/node/extensionHostProcess.js:31:20278)
	at file:///home/uwu/.vscode-server/bin/f1a4fb101478ce6ec82fe9627c43efbf9e98c813/out/vs/workbench/api/node/extensionHostProcess.js:31:17510
	at Socket.t (file:///home/uwu/.vscode-server/bin/f1a4fb101478ce6ec82fe9627c43efbf9e98c813/out/vs/workbench/api/node/extensionHostProcess.js:31:15451)
	at Socket.emit (node:events:519:28)
	at addChunk (node:internal/streams/readable:559:12)
	at readableAddChunkPushByteMode (node:internal/streams/readable:510:3)
	at Readable.push (node:internal/streams/readable:390:5)
	at TCP.onStreamRead (node:internal/stream_base_commons:191:23) setContext undefined
2024-11-25 16:47:51.920 [error] Canceled: Canceled
	at new tT (file:///home/uwu/.vscode-server/bin/f1a4fb101478ce6ec82fe9627c43efbf9e98c813/out/vs/workbench/api/node/extensionHostProcess.js:31:151066)
	at py.U (file:///home/uwu/.vscode-server/bin/f1a4fb101478ce6ec82fe9627c43efbf9e98c813/out/vs/workbench/api/node/extensionHostProcess.js:31:155676)
	at s.<computed>.n.charCodeAt.s.<computed> (file:///home/uwu/.vscode-server/bin/f1a4fb101478ce6ec82fe9627c43efbf9e98c813/out/vs/workbench/api/node/extensionHostProcess.js:31:153170)
	at Y0.g (file:///home/uwu/.vscode-server/bin/f1a4fb101478ce6ec82fe9627c43efbf9e98c813/out/vs/workbench/api/node/extensionHostProcess.js:114:32313)
	at Y0.executeCommand (file:///home/uwu/.vscode-server/bin/f1a4fb101478ce6ec82fe9627c43efbf9e98c813/out/vs/workbench/api/node/extensionHostProcess.js:114:31817)
	at r.registerCommand.description (file:///home/uwu/.vscode-server/bin/f1a4fb101478ce6ec82fe9627c43efbf9e98c813/out/vs/workbench/api/node/extensionHostProcess.js:114:31147)
	at Y0.h (file:///home/uwu/.vscode-server/bin/f1a4fb101478ce6ec82fe9627c43efbf9e98c813/out/vs/workbench/api/node/extensionHostProcess.js:114:32833)
	at Y0.g (file:///home/uwu/.vscode-server/bin/f1a4fb101478ce6ec82fe9627c43efbf9e98c813/out/vs/workbench/api/node/extensionHostProcess.js:114:31910)
	at Y0.executeCommand (file:///home/uwu/.vscode-server/bin/f1a4fb101478ce6ec82fe9627c43efbf9e98c813/out/vs/workbench/api/node/extensionHostProcess.js:114:31817)
	at Object.executeCommand (file:///home/uwu/.vscode-server/bin/f1a4fb101478ce6ec82fe9627c43efbf9e98c813/out/vs/workbench/api/node/extensionHostProcess.js:156:37246)
	at set hasGitHubRepositories [as hasGitHubRepositories] (/home/uwu/.vscode-server/bin/f1a4fb101478ce6ec82fe9627c43efbf9e98c813/extensions/github/dist/extension.js:2:328633)
	at /home/uwu/.vscode-server/bin/f1a4fb101478ce6ec82fe9627c43efbf9e98c813/extensions/github/dist/extension.js:2:329592
	at mh.value (/home/uwu/.vscode-server/bin/f1a4fb101478ce6ec82fe9627c43efbf9e98c813/extensions/git/dist/main.js:2:1073936)
	at P.B (file:///home/uwu/.vscode-server/bin/f1a4fb101478ce6ec82fe9627c43efbf9e98c813/out/vs/workbench/api/node/extensionHostProcess.js:29:746)
	at P.C (file:///home/uwu/.vscode-server/bin/f1a4fb101478ce6ec82fe9627c43efbf9e98c813/out/vs/workbench/api/node/extensionHostProcess.js:29:816)
	at P.fire (file:///home/uwu/.vscode-server/bin/f1a4fb101478ce6ec82fe9627c43efbf9e98c813/out/vs/workbench/api/node/extensionHostProcess.js:29:1033)
	at Object.p [as dispose] (/home/uwu/.vscode-server/bin/f1a4fb101478ce6ec82fe9627c43efbf9e98c813/extensions/git/dist/main.js:2:983333)
	at /home/uwu/.vscode-server/bin/f1a4fb101478ce6ec82fe9627c43efbf9e98c813/extensions/git/dist/main.js:2:989455
	at Array.forEach (<anonymous>)
	at b.dispose (/home/uwu/.vscode-server/bin/f1a4fb101478ce6ec82fe9627c43efbf9e98c813/extensions/git/dist/main.js:2:989441)
	at V1.<anonymous> (file:///home/uwu/.vscode-server/bin/f1a4fb101478ce6ec82fe9627c43efbf9e98c813/out/vs/workbench/api/node/extensionHostProcess.js:108:19994)
	at V1.dispose (file:///home/uwu/.vscode-server/bin/f1a4fb101478ce6ec82fe9627c43efbf9e98c813/out/vs/workbench/api/node/extensionHostProcess.js:108:20090)
	at V1.<anonymous> (/home/uwu/.vscode-server/bin/f1a4fb101478ce6ec82fe9627c43efbf9e98c813/extensions/git/dist/main.js:2:964255)
	at V1.dispose (file:///home/uwu/.vscode-server/bin/f1a4fb101478ce6ec82fe9627c43efbf9e98c813/out/vs/workbench/api/node/extensionHostProcess.js:108:20090)
	at ci (file:///home/uwu/.vscode-server/bin/f1a4fb101478ce6ec82fe9627c43efbf9e98c813/out/vs/workbench/api/node/extensionHostProcess.js:24:699)
	at file:///home/uwu/.vscode-server/bin/f1a4fb101478ce6ec82fe9627c43efbf9e98c813/out/vs/workbench/api/node/extensionHostProcess.js:118:14992
	at file:///home/uwu/.vscode-server/bin/f1a4fb101478ce6ec82fe9627c43efbf9e98c813/out/vs/workbench/api/node/extensionHostProcess.js:24:1009
	at Object.dispose (file:///home/uwu/.vscode-server/bin/f1a4fb101478ce6ec82fe9627c43efbf9e98c813/out/vs/workbench/api/node/extensionHostProcess.js:7:2146)
	at _z.eb (file:///home/uwu/.vscode-server/bin/f1a4fb101478ce6ec82fe9627c43efbf9e98c813/out/vs/workbench/api/node/extensionHostProcess.js:118:11919)
	at file:///home/uwu/.vscode-server/bin/f1a4fb101478ce6ec82fe9627c43efbf9e98c813/out/vs/workbench/api/node/extensionHostProcess.js:118:9874
	at Array.map (<anonymous>)
	at _z.$ (file:///home/uwu/.vscode-server/bin/f1a4fb101478ce6ec82fe9627c43efbf9e98c813/out/vs/workbench/api/node/extensionHostProcess.js:118:9862)
	at _z.terminate (file:///home/uwu/.vscode-server/bin/f1a4fb101478ce6ec82fe9627c43efbf9e98c813/out/vs/workbench/api/node/extensionHostProcess.js:118:10105)
	at xC.terminate (file:///home/uwu/.vscode-server/bin/f1a4fb101478ce6ec82fe9627c43efbf9e98c813/out/vs/workbench/api/node/extensionHostProcess.js:119:1424)
	at Zi (file:///home/uwu/.vscode-server/bin/f1a4fb101478ce6ec82fe9627c43efbf9e98c813/out/vs/workbench/api/node/extensionHostProcess.js:174:15084)
	at mh.value (file:///home/uwu/.vscode-server/bin/f1a4fb101478ce6ec82fe9627c43efbf9e98c813/out/vs/workbench/api/node/extensionHostProcess.js:174:13245)
	at P.B (file:///home/uwu/.vscode-server/bin/f1a4fb101478ce6ec82fe9627c43efbf9e98c813/out/vs/workbench/api/node/extensionHostProcess.js:29:746)
	at P.fire (file:///home/uwu/.vscode-server/bin/f1a4fb101478ce6ec82fe9627c43efbf9e98c813/out/vs/workbench/api/node/extensionHostProcess.js:29:964)
	at Vn.fire (file:///home/uwu/.vscode-server/bin/f1a4fb101478ce6ec82fe9627c43efbf9e98c813/out/vs/workbench/api/node/extensionHostProcess.js:31:9457)
	at Fm.A (file:///home/uwu/.vscode-server/bin/f1a4fb101478ce6ec82fe9627c43efbf9e98c813/out/vs/workbench/api/node/extensionHostProcess.js:31:12573)
	at mh.value (file:///home/uwu/.vscode-server/bin/f1a4fb101478ce6ec82fe9627c43efbf9e98c813/out/vs/workbench/api/node/extensionHostProcess.js:31:10993)
	at P.B (file:///home/uwu/.vscode-server/bin/f1a4fb101478ce6ec82fe9627c43efbf9e98c813/out/vs/workbench/api/node/extensionHostProcess.js:29:746)
	at P.fire (file:///home/uwu/.vscode-server/bin/f1a4fb101478ce6ec82fe9627c43efbf9e98c813/out/vs/workbench/api/node/extensionHostProcess.js:29:964)
	at j5.acceptChunk (file:///home/uwu/.vscode-server/bin/f1a4fb101478ce6ec82fe9627c43efbf9e98c813/out/vs/workbench/api/node/extensionHostProcess.js:31:7940)
	at mh.value (file:///home/uwu/.vscode-server/bin/f1a4fb101478ce6ec82fe9627c43efbf9e98c813/out/vs/workbench/api/node/extensionHostProcess.js:31:7226)
	at P.B (file:///home/uwu/.vscode-server/bin/f1a4fb101478ce6ec82fe9627c43efbf9e98c813/out/vs/workbench/api/node/extensionHostProcess.js:29:746)
	at P.fire (file:///home/uwu/.vscode-server/bin/f1a4fb101478ce6ec82fe9627c43efbf9e98c813/out/vs/workbench/api/node/extensionHostProcess.js:29:964)
	at V2.z (file:///home/uwu/.vscode-server/bin/f1a4fb101478ce6ec82fe9627c43efbf9e98c813/out/vs/workbench/api/node/extensionHostProcess.js:31:21944)
	at V2.acceptFrame (file:///home/uwu/.vscode-server/bin/f1a4fb101478ce6ec82fe9627c43efbf9e98c813/out/vs/workbench/api/node/extensionHostProcess.js:31:21750)
	at W2.n (file:///home/uwu/.vscode-server/bin/f1a4fb101478ce6ec82fe9627c43efbf9e98c813/out/vs/workbench/api/node/extensionHostProcess.js:31:20278)
	at file:///home/uwu/.vscode-server/bin/f1a4fb101478ce6ec82fe9627c43efbf9e98c813/out/vs/workbench/api/node/extensionHostProcess.js:31:17510
	at Socket.t (file:///home/uwu/.vscode-server/bin/f1a4fb101478ce6ec82fe9627c43efbf9e98c813/out/vs/workbench/api/node/extensionHostProcess.js:31:15451)
	at Socket.emit (node:events:519:28)
	at addChunk (node:internal/streams/readable:559:12)
	at readableAddChunkPushByteMode (node:internal/streams/readable:510:3)
	at Readable.push (node:internal/streams/readable:390:5)
	at TCP.onStreamRead (node:internal/stream_base_commons:191:23) setContext undefined
2024-11-25 16:47:51.926 [info] Extension host with pid 775 exiting with code 0
