2024-11-27 16:21:56.917 [info] [main] Log level: Info
2024-11-27 16:21:56.917 [info] [main] Validating found git in: "git"
2024-11-27 16:21:56.917 [info] [main] Using git "2.43.0" from "git"
2024-11-27 16:21:56.917 [info] [Model][doInitialScan] Initial repository scan started
2024-11-27 16:21:56.917 [info] > git rev-parse --show-toplevel [18ms]
2024-11-27 16:21:56.917 [info] fatal: not a git repository (or any of the parent directories): .git
2024-11-27 16:21:56.917 [info] > git rev-parse --show-toplevel [13ms]
2024-11-27 16:21:56.919 [info] > git rev-parse --git-dir --git-common-dir [2ms]
2024-11-27 16:21:56.937 [info] [Model][openRepository] Opened repository: /home/uwu
2024-11-27 16:21:56.943 [info] [Model][doInitialScan] Initial repository scan completed - repositories (1), closed repositories (0), parent repositories (0), unsafe repositories (0)
2024-11-27 16:21:56.981 [info] > git config --get commit.template [33ms]
2024-11-27 16:21:56.998 [info] > git for-each-ref --format=%(refname)%00%(upstream:short)%00%(objectname)%00%(upstream:track)%00%(upstream:remotename)%00%(upstream:remoteref) refs/heads/main refs/remotes/main [8ms]
2024-11-27 16:21:57.015 [info] > git for-each-ref --sort -committerdate --format %(refname) %(objectname) %(*objectname) [7ms]
2024-11-27 16:21:57.030 [info] > git status -z -uall [27ms]
2024-11-27 16:21:57.050 [info] > git for-each-ref --format=%(refname)%00%(upstream:short)%00%(objectname)%00%(upstream:track)%00%(upstream:remotename)%00%(upstream:remoteref) refs/heads/main refs/remotes/main [8ms]
2024-11-27 16:21:57.053 [info] > git config --get commit.template [5ms]
2024-11-27 16:21:57.054 [info] > git config --local branch.main.vscode-merge-base [2ms]
2024-11-27 16:21:57.054 [warning] [Git][config] git config failed: Failed to execute git
2024-11-27 16:21:57.060 [info] > git reflog main --grep-reflog=branch: Created from *. [3ms]
2024-11-27 16:21:57.063 [info] > git for-each-ref --format=%(refname)%00%(upstream:short)%00%(objectname)%00%(upstream:track)%00%(upstream:remotename)%00%(upstream:remoteref) refs/heads/main refs/remotes/main [4ms]
2024-11-27 16:21:57.064 [info] > git symbolic-ref --short refs/remotes/origin/HEAD [2ms]
2024-11-27 16:21:57.064 [info] fatal: ref refs/remotes/origin/HEAD is not a symbolic ref
2024-11-27 16:21:57.064 [warning] [Repository][getDefaultBranch] Failed to get default branch details: Failed to execute git.
2024-11-27 16:21:57.077 [info] > git merge-base refs/heads/main refs/remotes/origin/main [10ms]
2024-11-27 16:21:57.085 [info] > git diff --name-status -z --diff-filter=ADMR 4ae0f13708ae0e77d242f1b98aa29c743fcc3feb...refs/remotes/origin/main [5ms]
2024-11-27 16:21:57.087 [info] > git for-each-ref --sort -committerdate --format %(refname) %(objectname) %(*objectname) [3ms]
2024-11-27 16:21:57.096 [info] > git status -z -uall [14ms]
2024-11-27 16:21:57.509 [info] > git check-ignore -v -z --stdin [17ms]
2024-11-27 16:21:57.511 [info] > git show --textconv :Question4.asm [11ms]
2024-11-27 16:21:57.514 [info] > git ls-files --stage -- /home/uwu/Question4.asm [7ms]
2024-11-27 16:22:24.523 [info] > git config --get commit.template [9ms]
2024-11-27 16:22:24.525 [info] > git for-each-ref --format=%(refname)%00%(upstream:short)%00%(objectname)%00%(upstream:track)%00%(upstream:remotename)%00%(upstream:remoteref) refs/heads/main refs/remotes/main [4ms]
2024-11-27 16:22:24.539 [info] > git for-each-ref --sort -committerdate --format %(refname) %(objectname) %(*objectname) [2ms]
2024-11-27 16:22:24.559 [info] > git status -z -uall [28ms]
2024-11-27 16:22:29.591 [info] > git config --get commit.template [9ms]
2024-11-27 16:22:29.593 [info] > git for-each-ref --format=%(refname)%00%(upstream:short)%00%(objectname)%00%(upstream:track)%00%(upstream:remotename)%00%(upstream:remoteref) refs/heads/main refs/remotes/main [4ms]
2024-11-27 16:22:29.610 [info] > git for-each-ref --sort -committerdate --format %(refname) %(objectname) %(*objectname) [4ms]
2024-11-27 16:22:29.626 [info] > git status -z -uall [27ms]
2024-11-27 16:22:34.440 [info] > git config --get commit.template [1ms]
2024-11-27 16:22:34.445 [info] > git for-each-ref --format=%(refname)%00%(upstream:short)%00%(objectname)%00%(upstream:track)%00%(upstream:remotename)%00%(upstream:remoteref) refs/heads/main refs/remotes/main [2ms]
2024-11-27 16:22:34.455 [info] > git for-each-ref --sort -committerdate --format %(refname) %(objectname) %(*objectname) [2ms]
2024-11-27 16:22:34.465 [info] > git status -z -uall [16ms]
2024-11-27 16:22:39.481 [info] > git config --get commit.template [3ms]
2024-11-27 16:22:39.490 [info] > git for-each-ref --format=%(refname)%00%(upstream:short)%00%(objectname)%00%(upstream:track)%00%(upstream:remotename)%00%(upstream:remoteref) refs/heads/main refs/remotes/main [2ms]
2024-11-27 16:22:39.507 [info] > git for-each-ref --sort -committerdate --format %(refname) %(objectname) %(*objectname) [3ms]
2024-11-27 16:22:39.518 [info] > git status -z -uall [19ms]
2024-11-27 16:22:44.542 [info] > git config --get commit.template [8ms]
2024-11-27 16:22:44.543 [info] > git for-each-ref --format=%(refname)%00%(upstream:short)%00%(objectname)%00%(upstream:track)%00%(upstream:remotename)%00%(upstream:remoteref) refs/heads/main refs/remotes/main [3ms]
2024-11-27 16:22:44.559 [info] > git for-each-ref --sort -committerdate --format %(refname) %(objectname) %(*objectname) [2ms]
2024-11-27 16:22:44.575 [info] > git status -z -uall [25ms]
2024-11-27 16:22:49.601 [info] > git config --get commit.template [7ms]
2024-11-27 16:22:49.603 [info] > git for-each-ref --format=%(refname)%00%(upstream:short)%00%(objectname)%00%(upstream:track)%00%(upstream:remotename)%00%(upstream:remoteref) refs/heads/main refs/remotes/main [4ms]
2024-11-27 16:22:49.620 [info] > git for-each-ref --sort -committerdate --format %(refname) %(objectname) %(*objectname) [3ms]
2024-11-27 16:22:49.631 [info] > git status -z -uall [21ms]
2024-11-27 16:22:54.655 [info] > git config --get commit.template [8ms]
2024-11-27 16:22:54.657 [info] > git for-each-ref --format=%(refname)%00%(upstream:short)%00%(objectname)%00%(upstream:track)%00%(upstream:remotename)%00%(upstream:remoteref) refs/heads/main refs/remotes/main [4ms]
2024-11-27 16:22:54.673 [info] > git for-each-ref --sort -committerdate --format %(refname) %(objectname) %(*objectname) [3ms]
2024-11-27 16:22:54.690 [info] > git status -z -uall [26ms]
2024-11-27 16:22:59.720 [info] > git config --get commit.template [11ms]
2024-11-27 16:22:59.721 [info] > git for-each-ref --format=%(refname)%00%(upstream:short)%00%(objectname)%00%(upstream:track)%00%(upstream:remotename)%00%(upstream:remoteref) refs/heads/main refs/remotes/main [3ms]
2024-11-27 16:22:59.737 [info] > git for-each-ref --sort -committerdate --format %(refname) %(objectname) %(*objectname) [3ms]
2024-11-27 16:22:59.751 [info] > git status -z -uall [23ms]
2024-11-27 16:23:04.151 [info] > git config --get commit.template [9ms]
2024-11-27 16:23:04.153 [info] > git for-each-ref --format=%(refname)%00%(upstream:short)%00%(objectname)%00%(upstream:track)%00%(upstream:remotename)%00%(upstream:remoteref) refs/heads/main refs/remotes/main [5ms]
2024-11-27 16:23:04.167 [info] > git for-each-ref --sort -committerdate --format %(refname) %(objectname) %(*objectname) [1ms]
2024-11-27 16:23:04.180 [info] > git status -z -uall [20ms]
2024-11-27 16:23:09.202 [info] > git config --get commit.template [8ms]
2024-11-27 16:23:09.204 [info] > git for-each-ref --format=%(refname)%00%(upstream:short)%00%(objectname)%00%(upstream:track)%00%(upstream:remotename)%00%(upstream:remoteref) refs/heads/main refs/remotes/main [4ms]
2024-11-27 16:23:09.224 [info] > git for-each-ref --sort -committerdate --format %(refname) %(objectname) %(*objectname) [3ms]
2024-11-27 16:23:09.239 [info] > git status -z -uall [28ms]
2024-11-27 16:23:14.265 [info] > git config --get commit.template [9ms]
2024-11-27 16:23:14.266 [info] > git for-each-ref --format=%(refname)%00%(upstream:short)%00%(objectname)%00%(upstream:track)%00%(upstream:remotename)%00%(upstream:remoteref) refs/heads/main refs/remotes/main [3ms]
2024-11-27 16:23:14.279 [info] > git for-each-ref --sort -committerdate --format %(refname) %(objectname) %(*objectname) [2ms]
2024-11-27 16:23:14.289 [info] > git status -z -uall [18ms]
2024-11-27 16:23:18.967 [info] > git check-ignore -v -z --stdin [3ms]
2024-11-27 16:23:19.311 [info] > git config --get commit.template [7ms]
2024-11-27 16:23:19.313 [info] > git for-each-ref --format=%(refname)%00%(upstream:short)%00%(objectname)%00%(upstream:track)%00%(upstream:remotename)%00%(upstream:remoteref) refs/heads/main refs/remotes/main [3ms]
2024-11-27 16:23:19.330 [info] > git for-each-ref --sort -committerdate --format %(refname) %(objectname) %(*objectname) [2ms]
2024-11-27 16:23:19.346 [info] > git status -z -uall [27ms]
2024-11-27 16:23:24.367 [info] > git config --get commit.template [4ms]
2024-11-27 16:23:24.376 [info] > git for-each-ref --format=%(refname)%00%(upstream:short)%00%(objectname)%00%(upstream:track)%00%(upstream:remotename)%00%(upstream:remoteref) refs/heads/main refs/remotes/main [3ms]
2024-11-27 16:23:24.394 [info] > git for-each-ref --sort -committerdate --format %(refname) %(objectname) %(*objectname) [3ms]
2024-11-27 16:23:24.414 [info] > git status -z -uall [29ms]
2024-11-27 16:23:29.433 [info] > git config --get commit.template [6ms]
2024-11-27 16:23:29.434 [info] > git for-each-ref --format=%(refname)%00%(upstream:short)%00%(objectname)%00%(upstream:track)%00%(upstream:remotename)%00%(upstream:remoteref) refs/heads/main refs/remotes/main [2ms]
2024-11-27 16:23:29.446 [info] > git for-each-ref --sort -committerdate --format %(refname) %(objectname) %(*objectname) [2ms]
2024-11-27 16:23:29.455 [info] > git status -z -uall [17ms]
2024-11-27 16:23:34.473 [info] > git config --get commit.template [7ms]
2024-11-27 16:23:34.475 [info] > git for-each-ref --format=%(refname)%00%(upstream:short)%00%(objectname)%00%(upstream:track)%00%(upstream:remotename)%00%(upstream:remoteref) refs/heads/main refs/remotes/main [3ms]
2024-11-27 16:23:34.492 [info] > git for-each-ref --sort -committerdate --format %(refname) %(objectname) %(*objectname) [3ms]
2024-11-27 16:23:34.509 [info] > git status -z -uall [27ms]
2024-11-27 16:23:39.084 [info] > git config --get commit.template [6ms]
2024-11-27 16:23:39.088 [info] > git for-each-ref --format=%(refname)%00%(upstream:short)%00%(objectname)%00%(upstream:track)%00%(upstream:remotename)%00%(upstream:remoteref) refs/heads/main refs/remotes/main [5ms]
2024-11-27 16:23:39.105 [info] > git for-each-ref --sort -committerdate --format %(refname) %(objectname) %(*objectname) [3ms]
2024-11-27 16:23:39.121 [info] > git status -z -uall [26ms]
2024-11-27 16:23:44.148 [info] > git config --get commit.template [11ms]
2024-11-27 16:23:44.149 [info] > git for-each-ref --format=%(refname)%00%(upstream:short)%00%(objectname)%00%(upstream:track)%00%(upstream:remotename)%00%(upstream:remoteref) refs/heads/main refs/remotes/main [3ms]
2024-11-27 16:23:44.167 [info] > git for-each-ref --sort -committerdate --format %(refname) %(objectname) %(*objectname) [3ms]
2024-11-27 16:23:44.179 [info] > git status -z -uall [23ms]
2024-11-27 16:24:35.244 [info] > git config --get commit.template [10ms]
2024-11-27 16:24:35.252 [info] > git for-each-ref --format=%(refname)%00%(upstream:short)%00%(objectname)%00%(upstream:track)%00%(upstream:remotename)%00%(upstream:remoteref) refs/heads/main refs/remotes/main [2ms]
2024-11-27 16:24:35.266 [info] > git for-each-ref --sort -committerdate --format %(refname) %(objectname) %(*objectname) [2ms]
2024-11-27 16:24:35.277 [info] > git status -z -uall [20ms]
2024-11-27 16:24:39.742 [info] > git config --get commit.template [6ms]
2024-11-27 16:24:39.744 [info] > git for-each-ref --format=%(refname)%00%(upstream:short)%00%(objectname)%00%(upstream:track)%00%(upstream:remotename)%00%(upstream:remoteref) refs/heads/main refs/remotes/main [2ms]
2024-11-27 16:24:39.760 [info] > git for-each-ref --sort -committerdate --format %(refname) %(objectname) %(*objectname) [4ms]
2024-11-27 16:24:39.778 [info] > git status -z -uall [28ms]
2024-11-27 16:24:44.792 [info] > git config --get commit.template [4ms]
2024-11-27 16:24:44.793 [info] > git for-each-ref --format=%(refname)%00%(upstream:short)%00%(objectname)%00%(upstream:track)%00%(upstream:remotename)%00%(upstream:remoteref) refs/heads/main refs/remotes/main [2ms]
2024-11-27 16:24:44.801 [info] > git for-each-ref --sort -committerdate --format %(refname) %(objectname) %(*objectname) [1ms]
2024-11-27 16:24:44.810 [info] > git status -z -uall [14ms]
2024-11-27 16:24:49.834 [info] > git config --get commit.template [11ms]
2024-11-27 16:24:49.836 [info] > git for-each-ref --format=%(refname)%00%(upstream:short)%00%(objectname)%00%(upstream:track)%00%(upstream:remotename)%00%(upstream:remoteref) refs/heads/main refs/remotes/main [3ms]
2024-11-27 16:24:49.849 [info] > git for-each-ref --sort -committerdate --format %(refname) %(objectname) %(*objectname) [2ms]
2024-11-27 16:24:49.862 [info] > git status -z -uall [21ms]
2024-11-27 16:24:54.880 [info] > git config --get commit.template [4ms]
2024-11-27 16:24:54.887 [info] > git for-each-ref --format=%(refname)%00%(upstream:short)%00%(objectname)%00%(upstream:track)%00%(upstream:remotename)%00%(upstream:remoteref) refs/heads/main refs/remotes/main [2ms]
2024-11-27 16:24:54.905 [info] > git for-each-ref --sort -committerdate --format %(refname) %(objectname) %(*objectname) [1ms]
2024-11-27 16:24:54.915 [info] > git status -z -uall [17ms]
2024-11-27 16:24:59.930 [info] > git config --get commit.template [3ms]
2024-11-27 16:24:59.939 [info] > git for-each-ref --format=%(refname)%00%(upstream:short)%00%(objectname)%00%(upstream:track)%00%(upstream:remotename)%00%(upstream:remoteref) refs/heads/main refs/remotes/main [3ms]
2024-11-27 16:24:59.950 [info] > git for-each-ref --sort -committerdate --format %(refname) %(objectname) %(*objectname) [2ms]
2024-11-27 16:24:59.963 [info] > git status -z -uall [19ms]
2024-11-27 16:25:16.376 [info] > git config --get commit.template [2ms]
2024-11-27 16:25:16.383 [info] > git for-each-ref --format=%(refname)%00%(upstream:short)%00%(objectname)%00%(upstream:track)%00%(upstream:remotename)%00%(upstream:remoteref) refs/heads/main refs/remotes/main [1ms]
2024-11-27 16:25:16.396 [info] > git for-each-ref --sort -committerdate --format %(refname) %(objectname) %(*objectname) [2ms]
2024-11-27 16:25:16.402 [info] > git status -z -uall [13ms]
2024-11-27 16:25:20.325 [info] > git config --get commit.template [5ms]
2024-11-27 16:25:20.327 [info] > git for-each-ref --format=%(refname)%00%(upstream:short)%00%(objectname)%00%(upstream:track)%00%(upstream:remotename)%00%(upstream:remoteref) refs/heads/main refs/remotes/main [2ms]
2024-11-27 16:25:20.339 [info] > git for-each-ref --sort -committerdate --format %(refname) %(objectname) %(*objectname) [2ms]
2024-11-27 16:25:20.348 [info] > git status -z -uall [17ms]
2024-11-27 16:25:21.417 [info] > git config --get commit.template [3ms]
2024-11-27 16:25:21.421 [info] > git for-each-ref --format=%(refname)%00%(upstream:short)%00%(objectname)%00%(upstream:track)%00%(upstream:remotename)%00%(upstream:remoteref) refs/heads/main refs/remotes/main [1ms]
2024-11-27 16:25:21.431 [info] > git for-each-ref --sort -committerdate --format %(refname) %(objectname) %(*objectname) [1ms]
2024-11-27 16:25:21.438 [info] > git status -z -uall [13ms]
2024-11-27 16:25:27.889 [info] > git config --get commit.template [3ms]
2024-11-27 16:25:27.894 [info] > git for-each-ref --format=%(refname)%00%(upstream:short)%00%(objectname)%00%(upstream:track)%00%(upstream:remotename)%00%(upstream:remoteref) refs/heads/main refs/remotes/main [2ms]
2024-11-27 16:25:27.904 [info] > git for-each-ref --sort -committerdate --format %(refname) %(objectname) %(*objectname) [2ms]
2024-11-27 16:25:27.915 [info] > git status -z -uall [17ms]
2024-11-27 16:25:32.941 [info] > git config --get commit.template [7ms]
2024-11-27 16:25:32.943 [info] > git for-each-ref --format=%(refname)%00%(upstream:short)%00%(objectname)%00%(upstream:track)%00%(upstream:remotename)%00%(upstream:remoteref) refs/heads/main refs/remotes/main [3ms]
2024-11-27 16:25:32.959 [info] > git for-each-ref --sort -committerdate --format %(refname) %(objectname) %(*objectname) [3ms]
2024-11-27 16:25:32.977 [info] > git status -z -uall [28ms]
2024-11-27 16:25:37.995 [info] > git config --get commit.template [7ms]
2024-11-27 16:25:37.997 [info] > git for-each-ref --format=%(refname)%00%(upstream:short)%00%(objectname)%00%(upstream:track)%00%(upstream:remotename)%00%(upstream:remoteref) refs/heads/main refs/remotes/main [3ms]
2024-11-27 16:25:38.006 [info] > git for-each-ref --sort -committerdate --format %(refname) %(objectname) %(*objectname) [1ms]
2024-11-27 16:25:38.014 [info] > git status -z -uall [13ms]
2024-11-27 16:25:41.599 [info] > git ls-files --stage -- /home/uwu/Question4.asm [4ms]
2024-11-27 16:25:41.655 [info] > git show --textconv :Question4.asm [4ms]
2024-11-27 16:25:42.469 [info] > git config --get commit.template [9ms]
2024-11-27 16:25:42.472 [info] > git for-each-ref --format=%(refname)%00%(upstream:short)%00%(objectname)%00%(upstream:track)%00%(upstream:remotename)%00%(upstream:remoteref) refs/heads/main refs/remotes/main [4ms]
2024-11-27 16:25:42.489 [info] > git for-each-ref --sort -committerdate --format %(refname) %(objectname) %(*objectname) [4ms]
2024-11-27 16:25:42.496 [info] > git status -z -uall [17ms]
2024-11-27 16:25:47.521 [info] > git config --get commit.template [7ms]
2024-11-27 16:25:47.522 [info] > git for-each-ref --format=%(refname)%00%(upstream:short)%00%(objectname)%00%(upstream:track)%00%(upstream:remotename)%00%(upstream:remoteref) refs/heads/main refs/remotes/main [3ms]
2024-11-27 16:25:47.537 [info] > git for-each-ref --sort -committerdate --format %(refname) %(objectname) %(*objectname) [3ms]
2024-11-27 16:25:47.548 [info] > git status -z -uall [20ms]
2024-11-27 16:25:52.569 [info] > git config --get commit.template [6ms]
2024-11-27 16:25:52.570 [info] > git for-each-ref --format=%(refname)%00%(upstream:short)%00%(objectname)%00%(upstream:track)%00%(upstream:remotename)%00%(upstream:remoteref) refs/heads/main refs/remotes/main [2ms]
2024-11-27 16:25:52.582 [info] > git for-each-ref --sort -committerdate --format %(refname) %(objectname) %(*objectname) [3ms]
2024-11-27 16:25:52.595 [info] > git status -z -uall [22ms]
